  GameForm.cpp
D:\Морський бій\Fight\Fight\Pal1.h(2,10): warning C4067: непредвиденные лексемы за директивой препроцессора, требуется newline
D:\Морський бій\Fight\Fight\Pal1.h(3,9): warning C4067: непредвиденные лексемы за директивой препроцессора, требуется newline
D:\Морський бій\Fight\Fight\Pal.h(2,10): warning C4067: непредвиденные лексемы за директивой препроцессора, требуется newline
D:\Морський бій\Fight\Fight\Pal2.h(2,10): warning C4067: непредвиденные лексемы за директивой препроцессора, требуется newline
D:\Морський бій\Fight\Fight\Pal2.h(3,9): warning C4067: непредвиденные лексемы за директивой препроцессора, требуется newline
D:\Морський бій\Fight\Fight\Pal3.h(2,10): warning C4067: непредвиденные лексемы за директивой препроцессора, требуется newline
D:\Морський бій\Fight\Fight\Pal3.h(3,9): warning C4067: непредвиденные лексемы за директивой препроцессора, требуется newline
D:\Морський бій\Fight\Fight\Pal4.h(2,10): warning C4067: непредвиденные лексемы за директивой препроцессора, требуется newline
D:\Морський бій\Fight\Fight\Pal4.h(3,9): warning C4067: непредвиденные лексемы за директивой препроцессора, требуется newline
D:\Морський бій\Fight\Fight\Pal5.h(2,10): warning C4067: непредвиденные лексемы за директивой препроцессора, требуется newline
D:\Морський бій\Fight\Fight\Pal5.h(3,9): warning C4067: непредвиденные лексемы за директивой препроцессора, требуется newline
  GameMap.cpp
  MyForm.cpp
D:\Морський бій\Fight\Fight\MyForm.cpp(7,33): warning C4829: Возможно, неправильные параметры функции main. Рекомендуемый вариант - "int main(Platform::Array<Platform::String^>^ argv)"
  Pal.cpp
D:\Морський бій\Fight\Fight\Pal.h(2,10): warning C4067: непредвиденные лексемы за директивой препроцессора, требуется newline
  Pal1.cpp
D:\Морський бій\Fight\Fight\Pal1.h(2,10): warning C4067: непредвиденные лексемы за директивой препроцессора, требуется newline
D:\Морський бій\Fight\Fight\Pal1.h(3,9): warning C4067: непредвиденные лексемы за директивой препроцессора, требуется newline
D:\Морський бій\Fight\Fight\Pal.h(2,10): warning C4067: непредвиденные лексемы за директивой препроцессора, требуется newline
  Pal2.cpp
D:\Морський бій\Fight\Fight\Pal2.h(2,10): warning C4067: непредвиденные лексемы за директивой препроцессора, требуется newline
D:\Морський бій\Fight\Fight\Pal2.h(3,9): warning C4067: непредвиденные лексемы за директивой препроцессора, требуется newline
D:\Морський бій\Fight\Fight\Pal.h(2,10): warning C4067: непредвиденные лексемы за директивой препроцессора, требуется newline
  Pal3.cpp
D:\Морський бій\Fight\Fight\Pal3.h(2,10): warning C4067: непредвиденные лексемы за директивой препроцессора, требуется newline
D:\Морський бій\Fight\Fight\Pal3.h(3,9): warning C4067: непредвиденные лексемы за директивой препроцессора, требуется newline
D:\Морський бій\Fight\Fight\Pal.h(2,10): warning C4067: непредвиденные лексемы за директивой препроцессора, требуется newline
  Pal4.cpp
D:\Морський бій\Fight\Fight\Pal4.h(2,10): warning C4067: непредвиденные лексемы за директивой препроцессора, требуется newline
D:\Морський бій\Fight\Fight\Pal4.h(3,9): warning C4067: непредвиденные лексемы за директивой препроцессора, требуется newline
D:\Морський бій\Fight\Fight\Pal.h(2,10): warning C4067: непредвиденные лексемы за директивой препроцессора, требуется newline
  Pal5.cpp
D:\Морський бій\Fight\Fight\Pal5.h(2,10): warning C4067: непредвиденные лексемы за директивой препроцессора, требуется newline
D:\Морський бій\Fight\Fight\Pal5.h(3,9): warning C4067: непредвиденные лексемы за директивой препроцессора, требуется newline
D:\Морський бій\Fight\Fight\Pal.h(2,10): warning C4067: непредвиденные лексемы за директивой препроцессора, требуется newline
  .NETFramework,Version=v4.6.1.AssemblyAttributes.cpp
  Создание кода...
D:\Морський бій\Fight\Fight\GameMap.cpp(356): warning C4715: GameMap::CheckForShips: значение возвращается не при всех путях выполнения
D:\Морський бій\Fight\Fight\GameForm.cpp(858): warning C4715: Fight::GameForm::StepAI: значение возвращается не при всех путях выполнения
D:\Морський бій\Fight\Fight\GameForm.cpp(469): warning C4715: Fight::GameForm::SetPositionPlayer: значение возвращается не при всех путях выполнения
  GameForm.obj : обнаружен модуль MSIL; для MSIL последовательная компоновка отключена; выполняется полная компоновка
  Fight.vcxproj -> D:\Морський бій\Fight\Debug\Fight.exe
